<?xml version="1.0" encoding="UTF-8"?>
<testng-results ignored="0" total="1" passed="1" failed="0" skipped="0">
  <reporter-output>
  </reporter-output>
  <suite started-at="2022-11-12T14:31:39 PST" name="Surefire suite" finished-at="2022-11-12T14:32:01 PST" duration-ms="22223">
    <groups>
      <group name="cucumber">
        <method signature="AbstractTestNGCucumberTests.feature(cucumber.api.testng.CucumberFeatureWrapper)[pri:0, instance:com.spring.TestRunner.TestRunnerSpringClass@33d512c1]" name="feature" class="cucumber.api.testng.AbstractTestNGCucumberTests"/>
      </group> <!-- cucumber -->
    </groups>
    <test started-at="2022-11-12T14:31:39 PST" name="Surefire test" finished-at="2022-11-12T14:32:01 PST" duration-ms="22223">
      <class name="com.spring.TestRunner.TestRunnerSpringClass">
        <test-method is-config="true" signature="startURLspr()[pri:0, instance:com.spring.TestRunner.TestRunnerSpringClass@33d512c1]" started-at="2022-11-12T14:31:39 PST" name="startURLspr" finished-at="2022-11-12T14:31:40 PST" duration-ms="1742" status="PASS">
          <reporter-output>
          </reporter-output>
        </test-method> <!-- startURLspr -->
        <test-method is-config="true" signature="setUpClass()[pri:0, instance:com.spring.TestRunner.TestRunnerSpringClass@33d512c1]" started-at="2022-11-12T14:31:40 PST" name="setUpClass" finished-at="2022-11-12T14:31:41 PST" duration-ms="306" status="PASS">
          <reporter-output>
          </reporter-output>
        </test-method> <!-- setUpClass -->
        <test-method signature="feature(cucumber.api.testng.CucumberFeatureWrapper)[pri:0, instance:com.spring.TestRunner.TestRunnerSpringClass@33d512c1]" started-at="2022-11-12T14:31:41 PST" name="feature" description="Runs Cucumber Feature" data-provider="features" finished-at="2022-11-12T14:32:00 PST" duration-ms="19234" status="PASS">
          <params>
            <param index="0">
              <value>
                <![CDATA[This is to calender handle functionality]]>
              </value>
            </param>
          </params>
          <reporter-output>
          </reporter-output>
        </test-method> <!-- feature -->
        <test-method is-config="true" signature="tearDownClass()[pri:0, instance:com.spring.TestRunner.TestRunnerSpringClass@33d512c1]" started-at="2022-11-12T14:32:00 PST" name="tearDownClass" finished-at="2022-11-12T14:32:00 PST" duration-ms="6" status="PASS">
          <reporter-output>
          </reporter-output>
        </test-method> <!-- tearDownClass -->
        <test-method is-config="true" signature="closeURLspr()[pri:0, instance:com.spring.TestRunner.TestRunnerSpringClass@33d512c1]" started-at="2022-11-12T14:32:00 PST" name="closeURLspr" finished-at="2022-11-12T14:32:01 PST" duration-ms="682" status="PASS">
          <reporter-output>
          </reporter-output>
        </test-method> <!-- closeURLspr -->
      </class> <!-- com.spring.TestRunner.TestRunnerSpringClass -->
    </test> <!-- Surefire test -->
  </suite> <!-- Surefire suite -->
</testng-results>
